<?xml version="1.0" encoding="UTF-8"?>
<!-- Generated by org.testng.reporters.JUnitXMLReporter -->
<testsuite hostname="LAPTOP-5DO4UKIQ" ignored="0" name="Test" tests="3" failures="1" timestamp="2022-03-25T13:55:49 EDT" time="0.048" errors="0">
  <testcase name="search" time="0.003" classname="TestCases.suiteb.SearchAndBuyPhone"/>
  <testcase name="selectPhone" time="0.009" classname="TestCases.suiteb.SearchAndBuyPhone">
    <failure type="java.lang.AssertionError" message="null">
      <![CDATA[java.lang.AssertionError: null
at TestCases.suiteb.SearchAndBuyPhone.selectPhone(SearchAndBuyPhone.java:139)
at java.util.ArrayList.forEach(Unknown Source)
... Removed 30 stack frames]]>
    </failure>
  </testcase> <!-- selectPhone -->
  <testcase name="checkout" time="0.001" classname="TestCases.suiteb.SearchAndBuyPhone">
    <skipped/>
  </testcase> <!-- checkout -->
</testsuite> <!-- Test -->
